
SQL*Loader: Release 11.2.0.1.0 - Production on Mon Jun 12 14:45:05 2017

Copyright (c) 1982, 2009, Oracle and/or its affiliates.  All rights reserved.

Control File:   sqlload/person.ctl
Data File:      sqlload/person.dat
  Bad File:     sqlload/person.bad
  Discard File:  none specified
 
 (Allow all discards)

Number to load: ALL
Number to skip: 0
Errors allowed: 50
Bind array:     64 rows, maximum of 256000 bytes
Continuation:    none specified
Path used:      Conventional

Table PERSON, loaded from every logical record.
Insert option in effect for this table: INSERT

   Column Name                  Position   Len  Term Encl Datatype
------------------------------ ---------- ----- ---- ---- ---------------------
PERSON_ID                           FIRST     *   ,       CHARACTER            
NAME                                 NEXT     *   ,       CHARACTER            
ADDRESS                              NEXT     *   ,       CHARACTER            
MEM_DISCRIM                          NEXT     *   ,       CHARACTER            
MEMBER_STATUS                        NEXT     *   ,       CHARACTER            
MEMBER_YEAR                          NEXT     *   ,       CHARACTER            
MEMBER_TYPE                          NEXT     *   ,       CHARACTER            

Record 3: Rejected - Error on table PERSON, column MEMBER_TYPE.
Column not found before end of logical record (use TRAILING NULLCOLS)
Record 5: Rejected - Error on table PERSON, column MEMBER_TYPE.
Column not found before end of logical record (use TRAILING NULLCOLS)
Record 6: Rejected - Error on table PERSON, column MEM_DISCRIM.
Column not found before end of logical record (use TRAILING NULLCOLS)
Record 8: Rejected - Error on table PERSON, column MEMBER_TYPE.
Column not found before end of logical record (use TRAILING NULLCOLS)
Record 9: Rejected - Error on table PERSON, column MEMBER_TYPE.
Column not found before end of logical record (use TRAILING NULLCOLS)
Record 1: Rejected - Error on table PERSON, column PERSON_ID.
ORA-12899: value too large for column "SLEMANEK"."PERSON"."PERSON_ID" (actual: 10, maximum: 9)

Record 2: Rejected - Error on table PERSON, column PERSON_ID.
ORA-12899: value too large for column "SLEMANEK"."PERSON"."PERSON_ID" (actual: 10, maximum: 9)

Record 4: Rejected - Error on table PERSON, column PERSON_ID.
ORA-12899: value too large for column "SLEMANEK"."PERSON"."PERSON_ID" (actual: 10, maximum: 9)

Record 7: Rejected - Error on table PERSON, column PERSON_ID.
ORA-12899: value too large for column "SLEMANEK"."PERSON"."PERSON_ID" (actual: 10, maximum: 9)


Table PERSON:
  0 Rows successfully loaded.
  9 Rows not loaded due to data errors.
  0 Rows not loaded because all WHEN clauses were failed.
  0 Rows not loaded because all fields were null.


Space allocated for bind array:                 115584 bytes(64 rows)
Read   buffer bytes: 1048576

Total logical records skipped:          0
Total logical records read:             9
Total logical records rejected:         9
Total logical records discarded:        0

Run began on Mon Jun 12 14:45:05 2017
Run ended on Mon Jun 12 14:45:10 2017

Elapsed time was:     00:00:04.87
CPU time was:         00:00:00.01
