
SQL*Loader: Release 11.2.0.1.0 - Production on Thu Jun 15 15:57:23 2017

Copyright (c) 1982, 2009, Oracle and/or its affiliates.  All rights reserved.

Control File:   art.ctl
Data File:      art2.dat
  Bad File:     art2.bad
  Discard File:  none specified
 
 (Allow all discards)

Number to load: ALL
Number to skip: 0
Errors allowed: 50
Bind array:     64 rows, maximum of 256000 bytes
Continuation:    none specified
Path used:      Conventional

Table ARTWORK, loaded from every logical record.
Insert option in effect for this table: APPEND

   Column Name                  Position   Len  Term Encl Datatype
------------------------------ ---------- ----- ---- ---- ---------------------
ART_ID                              FIRST     *   ,       CHARACTER            
TITLE                                NEXT     *   ,       CHARACTER            
DESCRIPTION                          NEXT     *   ,       CHARACTER            
CURRENT_VALUE                        NEXT     *   ,       CHARACTER            
MEDIUM                               NEXT     *   ,       CHARACTER            
STORAGE_LOCATION                     NEXT     *   ,       CHARACTER            
ARTIST                               NEXT     *   ,       CHARACTER            
GENRE                                NEXT     *   ,       CHARACTER            
METHOD_ACQUIRED                      NEXT     *   ,       CHARACTER            
PERIOD                               NEXT     *   ,       CHARACTER            
DATE_CREATED                         NEXT     *   ,       CHARACTER            
DATE_OF_EXHIBITION                   NEXT     *   ,       CHARACTER            
HEIGHT                               NEXT     *   ,       CHARACTER            
WIDTH                                NEXT     *   ,       CHARACTER            
DEPTH                                NEXT     *   ,       CHARACTER            
DIM_UNITS                            NEXT     *   ,       CHARACTER            
WEIGHT_VAL                           NEXT     *   ,       CHARACTER            
WEIGHT_UNITS                         NEXT     *   ,       CHARACTER            
COLLECTION_ID                        NEXT     *   ,       CHARACTER            
DONOR_ID                             NEXT     *   ,       CHARACTER            
DATE_DONATED                         NEXT     *   ,       CHARACTER            
ACQUISITION_VALUE                    NEXT     *   ,       CHARACTER            
SOURCE                               NEXT     *   ,       CHARACTER            

value used for ROWS parameter changed from 64 to 43
Record 3: Rejected - Error on table ARTWORK, column DATE_OF_EXHIBITION.
ORA-01840: input value not long enough for date format

Record 5: Rejected - Error on table ARTWORK, column HEIGHT.
ORA-01722: invalid number


Table ARTWORK:
  3 Rows successfully loaded.
  2 Rows not loaded due to data errors.
  0 Rows not loaded because all WHEN clauses were failed.
  0 Rows not loaded because all fields were null.


Space allocated for bind array:                 255162 bytes(43 rows)
Read   buffer bytes: 1048576

Total logical records skipped:          0
Total logical records read:             5
Total logical records rejected:         2
Total logical records discarded:        0

Run began on Thu Jun 15 15:57:23 2017
Run ended on Thu Jun 15 15:57:28 2017

Elapsed time was:     00:00:05.02
CPU time was:         00:00:00.02
