
SQL*Loader: Release 11.2.0.1.0 - Production on Mon Jun 12 15:08:24 2017

Copyright (c) 1982, 2009, Oracle and/or its affiliates.  All rights reserved.

Control File:   person.ctl
Data File:      person.dat
  Bad File:     person.bad
  Discard File:  none specified
 
 (Allow all discards)

Number to load: ALL
Number to skip: 0
Errors allowed: 50
Bind array:     64 rows, maximum of 256000 bytes
Continuation:    none specified
Path used:      Conventional

Table PERSON, loaded from every logical record.
Insert option in effect for this table: REPLACE

   Column Name                  Position   Len  Term Encl Datatype
------------------------------ ---------- ----- ---- ---- ---------------------
PERSON_ID                           FIRST     *   ,       CHARACTER            
NAME                                 NEXT     *   ,       CHARACTER            
ADDRESS                              NEXT     *   ,       CHARACTER            
MEM_DISCRIM                          NEXT     *   ,       CHARACTER            
MEMBER_STATUS                        NEXT     *   ,       CHARACTER            
MEMBER_YEAR                          NEXT     *   ,       CHARACTER            
MEMBER_TYPE                          NEXT     *   ,       CHARACTER            


Table PERSON:
  9 Rows successfully loaded.
  0 Rows not loaded due to data errors.
  0 Rows not loaded because all WHEN clauses were failed.
  0 Rows not loaded because all fields were null.


Space allocated for bind array:                 115584 bytes(64 rows)
Read   buffer bytes: 1048576

Total logical records skipped:          0
Total logical records read:             9
Total logical records rejected:         0
Total logical records discarded:        0

Run began on Mon Jun 12 15:08:24 2017
Run ended on Mon Jun 12 15:08:32 2017

Elapsed time was:     00:00:07.68
CPU time was:         00:00:00.02
